warning: Git tree '/home/bella/Nixos-config' is dirty
building the system configuration...
warning: Git tree '/home/bella/Nixos-config' is dirty
these 7 derivations will be built:
  /nix/store/f15lddmbss5sc765gib7pdvbgvr5xg8a-home-manager-files.drv
  /nix/store/xjdb4s4b7whasb47yrvp7hcr3x4c8wq3-home-manager-generation.drv
  /nix/store/s0a7zwp1m466q55m4vnf89fy86ygj405-unit-home-manager-bella.service.drv
  /nix/store/dywgny0y0zp0fqir6d1n5jkjk4rz9rkn-system-units.drv
  /nix/store/wz03zvwk9mf428y8d7sb2sskvaf432ac-etc.drv
  /nix/store/5k0cyq02pzk26i7lhgk5lcd4i3qr3h2a-activate.drv
  /nix/store/4mvwydgrd6haz8w0jhw9jvis1gc4sr3m-nixos-system-Thinkpadt480s-26.05.20260618.e8210c6.drv
building '/nix/store/f15lddmbss5sc765gib7pdvbgvr5xg8a-home-manager-files.drv'...
building '/nix/store/xjdb4s4b7whasb47yrvp7hcr3x4c8wq3-home-manager-generation.drv'...
building '/nix/store/s0a7zwp1m466q55m4vnf89fy86ygj405-unit-home-manager-bella.service.drv'...
building '/nix/store/dywgny0y0zp0fqir6d1n5jkjk4rz9rkn-system-units.drv'...
building '/nix/store/wz03zvwk9mf428y8d7sb2sskvaf432ac-etc.drv'...
building '/nix/store/5k0cyq02pzk26i7lhgk5lcd4i3qr3h2a-activate.drv'...
building '/nix/store/4mvwydgrd6haz8w0jhw9jvis1gc4sr3m-nixos-system-Thinkpadt480s-26.05.20260618.e8210c6.drv'...
Checking switch inhibitors... done
activating the configuration...
setting up /etc...
reloading user units for bella...
restarting the following user units: nixos-activation.service
restarting sysinit-reactivation.target
restarting the following units: home-manager-bella.service
the following new units were started: mandb.service, NetworkManager-dispatcher.service, sysinit-reactivation.target, systemd-tmpfiles-resetup.service
Done. The new configuration is /nix/store/mdq4jqbxsr9asx6mv56x88qjsn4k094b-nixos-system-Thinkpadt480s-26.05.20260618.e8210c6
